<?xml version="1.0" encoding="UTF-8"?>
<!-- Generated by org.testng.reporters.JUnitReportReporter -->
<testsuite hostname="DESKTOP-HOJTD0S" failures="0" tests="3" name="Test_ng_pgms.Log_class" time="0.032" errors="0" timestamp="2022-10-20T13:56:36 IST" skipped="0">
  <testcase classname="Test_ng_pgms.Log_class" name="deleteUser" time="0.003"/>
  <system-out/>
  <testcase classname="Test_ng_pgms.Log_class" name="create" time="0.023"/>
  <system-out>
    <![CDATA[create execution done]]>
  </system-out>
  <testcase classname="Test_ng_pgms.Log_class" name="modify" time="0.006"/>
  <system-out/>
</testsuite> <!-- Test_ng_pgms.Log_class -->
