<?xml version="1.0" encoding="UTF-8"?>
<!-- Generated by org.testng.reporters.JUnitReportReporter -->
<testsuite hostname="DESKTOP-HOJTD0S" failures="0" tests="7" name="Test_ng_pgms.Execute_Testcase_Morethan_onetime" time="0.044" errors="0" timestamp="2022-10-17T15:57:40 IST" skipped="0">
  <testcase classname="Test_ng_pgms.Execute_Testcase_Morethan_onetime" name="createUser" time="0.019"/>
  <system-out/>
  <testcase classname="Test_ng_pgms.Execute_Testcase_Morethan_onetime" name="deleteUser" time="0.004"/>
  <system-out/>
  <testcase classname="Test_ng_pgms.Execute_Testcase_Morethan_onetime" name="createUser" time="0.007"/>
  <system-out/>
  <testcase classname="Test_ng_pgms.Execute_Testcase_Morethan_onetime" name="createUser" time="0.004"/>
  <system-out/>
  <testcase classname="Test_ng_pgms.Execute_Testcase_Morethan_onetime" name="modifyUser" time="0.004"/>
  <system-out/>
  <testcase classname="Test_ng_pgms.Execute_Testcase_Morethan_onetime" name="createUser" time="0.003"/>
  <system-out/>
  <testcase classname="Test_ng_pgms.Execute_Testcase_Morethan_onetime" name="createUser" time="0.003"/>
  <system-out/>
</testsuite> <!-- Test_ng_pgms.Execute_Testcase_Morethan_onetime -->
