<?xml version="1.0" encoding="UTF-8"?>
<!-- Generated by org.testng.reporters.JUnitReportReporter -->
<testsuite hostname="DESKTOP-HOJTD0S" failures="0" tests="5" name="Test_ng_pgms.Priority_order" time="0.031" errors="0" timestamp="2022-10-17T16:01:51 IST" skipped="0">
  <testcase classname="Test_ng_pgms.Priority_order" name="ceateUser" time="0.017"/>
  <system-out/>
  <testcase classname="Test_ng_pgms.Priority_order" name="login" time="0.003"/>
  <system-out/>
  <testcase classname="Test_ng_pgms.Priority_order" name="modifyUser" time="0.005"/>
  <system-out/>
  <testcase classname="Test_ng_pgms.Priority_order" name="deleteUser" time="0.004"/>
  <system-out/>
  <testcase classname="Test_ng_pgms.Priority_order" name="logout" time="0.002"/>
  <system-out/>
</testsuite> <!-- Test_ng_pgms.Priority_order -->
