<?xml version="1.0" encoding="UTF-8"?>
<!-- Generated by org.testng.reporters.JUnitReportReporter -->
<testsuite hostname="DESKTOP-HOJTD0S" failures="0" tests="3" name="Test_ng_pgms.pgm1" time="0.030" errors="0" timestamp="2022-10-17T16:00:11 IST" skipped="0">
  <testcase classname="Test_ng_pgms.pgm1" name="deleteUser" time="0.002"/>
  <system-out/>
  <testcase classname="Test_ng_pgms.pgm1" name="modifyUser" time="0.010"/>
  <system-out/>
  <testcase classname="Test_ng_pgms.pgm1" name="createUser" time="0.018"/>
  <system-out/>
</testsuite> <!-- Test_ng_pgms.pgm1 -->
