<?xml version="1.0" encoding="UTF-8"?>
<!-- Generated by org.testng.reporters.JUnitReportReporter -->
<testsuite hostname="DESKTOP-HOJTD0S" failures="0" tests="3" name="Test_ng_pgms.Neagtive_Priority" time="0.034" errors="0" timestamp="2022-10-17T15:58:27 IST" skipped="0">
  <testcase classname="Test_ng_pgms.Neagtive_Priority" name="modifyUser" time="0.024"/>
  <system-out/>
  <testcase classname="Test_ng_pgms.Neagtive_Priority" name="login" time="0.006"/>
  <system-out/>
  <testcase classname="Test_ng_pgms.Neagtive_Priority" name="ceateUser" time="0.004"/>
  <system-out/>
</testsuite> <!-- Test_ng_pgms.Neagtive_Priority -->
