<?xml version="1.0" encoding="UTF-8"?>
<!-- Generated by org.testng.reporters.JUnitReportReporter -->
<testsuite hostname="DESKTOP-HOJTD0S" failures="0" tests="3" name="Test_ng_pgms.No_Execution" time="0.020" errors="0" timestamp="2022-10-17T15:59:16 IST" skipped="1">
  <testcase classname="Test_ng_pgms.No_Execution" name="modifyUser" time="0.002"/>
  <system-out/>
  <testcase classname="Test_ng_pgms.No_Execution" name="createUser" time="0.018"/>
  <system-out/>
  <testcase classname="Test_ng_pgms.No_Execution" name="deleteUser">
    <skipped/>
  </testcase> <!-- deleteUser -->
  <system-out/>
</testsuite> <!-- Test_ng_pgms.No_Execution -->
