<?xml version="1.0" encoding="UTF-8"?>
<!-- Generated by org.testng.reporters.JUnitReportReporter -->
<testsuite hostname="DESKTOP-HOJTD0S" failures="0" tests="3" name="Test_ng_pgms.Dependcy" time="0.039" errors="0" timestamp="2022-10-17T15:56:50 IST" skipped="0">
  <testcase classname="Test_ng_pgms.Dependcy" name="logout" time="0.007"/>
  <system-out/>
  <testcase classname="Test_ng_pgms.Dependcy" name="createUser" time="0.008"/>
  <system-out/>
  <testcase classname="Test_ng_pgms.Dependcy" name="login" time="0.024"/>
  <system-out/>
</testsuite> <!-- Test_ng_pgms.Dependcy -->
