<?xml version="1.0" encoding="UTF-8"?>
<!-- Generated by org.testng.reporters.JUnitReportReporter -->
<testsuite hostname="DESKTOP-HOJTD0S" failures="0" tests="3" name="Test_ng_pgms.pgm2$Program2" time="0.025" errors="0" timestamp="2022-10-17T16:01:02 IST" skipped="0">
  <testcase classname="Test_ng_pgms.pgm2$Program2" name="deleteUser" time="0.003"/>
  <system-out/>
  <testcase classname="Test_ng_pgms.pgm2$Program2" name="modifyUser" time="0.004"/>
  <system-out/>
  <testcase classname="Test_ng_pgms.pgm2$Program2" name="createUser" time="0.018"/>
  <system-out/>
</testsuite> <!-- Test_ng_pgms.pgm2$Program2 -->
