<?xml version="1.0" encoding="UTF-8"?>
<!-- Generated by org.testng.reporters.JUnitReportReporter -->
<testsuite hostname="DESKTOP-HOJTD0S" failures="0" tests="1" name="Batch_execution.Execute_task" time="10.643" errors="0" timestamp="2022-10-17T19:04:51 IST" skipped="0">
  <testcase classname="Batch_execution.Execute_task" name="task" time="10.643"/>
  <system-out/>
</testsuite> <!-- Batch_execution.Execute_task -->
