<?xml version="1.0" encoding="UTF-8"?>
<!-- Generated by org.testng.reporters.JUnitReportReporter -->
<testsuite hostname="DESKTOP-HOJTD0S" failures="0" tests="1" name="Group_Execution.Task_Execution" time="30.618" errors="0" timestamp="2022-10-18T09:16:47 IST" skipped="0">
  <testcase classname="Group_Execution.Task_Execution" name="Task" time="30.618"/>
  <system-out/>
</testsuite> <!-- Group_Execution.Task_Execution -->
