<?xml version="1.0" encoding="UTF-8"?>
<!-- Generated by org.testng.reporters.JUnitReportReporter -->
<testsuite hostname="DESKTOP-HOJTD0S" failures="0" tests="1" name="Scheduling_with_Datautility_Base_class.Baseclass" time="14.299" errors="0" timestamp="2022-10-19T16:22:37 IST" skipped="0">
  <testcase classname="Scheduling_with_Datautility_Base_class.Baseclass" name="clickOnTask" time="14.299"/>
  <system-out/>
</testsuite> <!-- Scheduling_with_Datautility_Base_class.Baseclass -->
