<?xml version="1.0" encoding="UTF-8"?>
<!-- Generated by org.testng.reporters.JUnitReportReporter -->
<testsuite hostname="DESKTOP-HOJTD0S" failures="0" tests="1" name="DataUtilty_class_Base_class_Parallel_Execution.Task_Execution" time="13.178" errors="0" timestamp="2022-10-20T13:46:48 IST" skipped="0">
  <testcase classname="DataUtilty_class_Base_class_Parallel_Execution.Task_Execution" name="task" time="13.178"/>
  <system-out/>
</testsuite> <!-- DataUtilty_class_Base_class_Parallel_Execution.Task_Execution -->
