<?xml version="1.0" encoding="UTF-8"?>
<!-- Generated by org.testng.reporters.JUnitReportReporter -->
<testsuite hostname="DESKTOP-HOJTD0S" failures="0" tests="1" name="Scheduling_with_Datautility_Baseclass.Base_Class_Scheduling_Annotation" time="21.044" errors="0" timestamp="2022-10-19T07:19:13 IST" skipped="0">
  <testcase classname="Scheduling_with_Datautility_Baseclass.Base_Class_Scheduling_Annotation" name="clickOnTask" time="21.044"/>
  <system-out/>
</testsuite> <!-- Scheduling_with_Datautility_Baseclass.Base_Class_Scheduling_Annotation -->
